[21:41:14] [main/INFO]: Setting user: Player547
[21:41:15] [Client thread/INFO]: LWJGL Version: 2.9.1
[21:41:18] [Client thread/INFO]: Reloading ResourceManager: Default, FMLFileResourcePack:Forge Mod Loader, FMLFileResourcePack:Minecraft Forge, FMLFileResourcePack:Aftermath
[21:41:18] [Sound Library Loader/INFO]: Sound engine started
[21:41:19] [Client thread/INFO]: Created: 512x256 textures/blocks-atlas
[21:41:19] [Client thread/INFO]: Created: 256x256 textures/items-atlas
[21:41:19] [Client thread/INFO]: Reloading ResourceManager: Default, FMLFileResourcePack:Forge Mod Loader, FMLFileResourcePack:Minecraft Forge, FMLFileResourcePack:Aftermath
[21:41:19] [Client thread/INFO]: Created: 256x256 textures/items-atlas
[21:41:19] [Client thread/INFO]: Created: 512x256 textures/blocks-atlas
[21:41:20] [Sound Library Loader/INFO]: Sound engine started
[21:41:26] [Server thread/INFO]: Starting integrated minecraft server version 1.7.10
[21:41:26] [Server thread/INFO]: Generating keypair
[21:41:26] [Server thread/INFO]: Converting map!
[21:41:26] [Server thread/INFO]: Scanning folders...
[21:41:26] [Server thread/INFO]: Total conversion count is 0
[21:41:27] [Server thread/INFO]: Preparing start region for level 0
[21:41:28] [Server thread/INFO]: Preparing spawn area: 21%
[21:41:29] [Server thread/INFO]: Preparing spawn area: 47%
[21:41:30] [Server thread/INFO]: Preparing spawn area: 75%
[21:41:31] [Server thread/INFO]: Changing view distance to 12, from 10
[21:41:31] [Server thread/INFO]: Player547[local:E:05a43d58] logged in with entity id 177 at (-564.5, 70.0, 1039.5)
[21:41:31] [Server thread/INFO]: Player547 joined the game
[21:42:10] [Server thread/INFO]: Saving and pausing game...
[21:42:10] [Server thread/INFO]: Saving chunks for level 'New World'/Overworld
[21:42:10] [Server thread/INFO]: Saving chunks for level 'New World'/Nether
[21:42:10] [Server thread/INFO]: Saving chunks for level 'New World'/The End
[21:42:14] [Server thread/INFO]: Player547 has just earned the achievement [Taking Inventory]
[21:42:14] [Client thread/INFO]: [CHAT] Player547 has just earned the achievement [Taking Inventory]
[21:42:28] [Server thread/INFO]: Saving and pausing game...
[21:42:28] [Server thread/INFO]: Saving chunks for level 'New World'/Overworld
[21:42:28] [Server thread/INFO]: Saving chunks for level 'New World'/Nether
[21:42:28] [Server thread/INFO]: Saving chunks for level 'New World'/The End
[21:42:29] [Client thread/INFO]: Stopping!
[21:42:29] [Server thread/INFO]: Stopping server
[21:42:29] [Server thread/INFO]: Saving players
[21:42:29] [Server thread/INFO]: Saving worlds
[21:42:29] [Server thread/INFO]: Saving chunks for level 'New World'/Overworld
[21:42:29] [Server thread/INFO]: Saving chunks for level 'New World'/Nether
[21:42:29] [Server thread/INFO]: Saving chunks for level 'New World'/The End
